Opened convpng.ini

--- Group tiles_gfx (C) ---
Building palette with [256] available indices ...
Built palette with [182] indices.
Palette quality : 100.00%
Transparent Color Index : 0
Transparent Color : 0xFFFF
20:
 bird : 100.00%
 bird_45 : 100.00%
 bird_90 : 100.00%
 sprite_scoreboard : 100.00%
 sprite_2nd_1 : 100.00%
 sprite_2nd_0 : 100.00%
 sprite_number_00 : 100.00%
 sprite_number_01 : 100.00%
 sprite_number_02 : 100.00%
 sprite_number_03 : 100.00%
 sprite_number_04 : 100.00%
 sprite_number_05 : 100.00%
 sprite_number_06 : 100.00%
 sprite_number_07 : 100.00%
 sprite_number_08 : 100.00%
 sprite_number_09 : 100.00%
 sprite_dither : 100.00%
 arrow : 100.00%
 pause : 100.00%
 tileset : 100.00%

Converted in 0 s

Finished!
